The system is: Linux - 5.15.0-91-generic - x86_64
Compiling the C compiler identification source file "CMakeCCompilerId.c" succeeded.
Compiler: /usr/bin/gcc 
Build flags: 
Id flags: 

The output was:
0


Compilation of the C compiler identification source "CMakeCCompilerId.c" produced "a.out"

The C compiler identification is GNU, found in "/home/yincong/github_proj/rdma_learning/rlibv2/rbuild/CMakeFiles/3.3.0/CompilerIdC/a.out"

Compiling the CXX compiler identification source file "CMakeCXXCompilerId.cpp" succeeded.
Compiler: /usr/bin/g++ 
Build flags: ;-g
Id flags: 

The output was:
0


Compilation of the CXX compiler identification source "CMakeCXXCompilerId.cpp" produced "a.out"

The CXX compiler identification is GNU, found in "/home/yincong/github_proj/rdma_learning/rlibv2/rbuild/CMakeFiles/3.3.0/CompilerIdCXX/a.out"

Determining if the C compiler works passed with the following output:
Change Dir: /home/yincong/github_proj/rdma_learning/rlibv2/rbuild/CMakeFiles/CMakeTmp

Run Build Command:"/usr/bin/make" "cmTC_78c23/fast"
/usr/bin/make -f CMakeFiles/cmTC_78c23.dir/build.make CMakeFiles/cmTC_78c23.dir/build
make[1]: Entering directory '/home/yincong/github_proj/rdma_learning/rlibv2/rbuild/CMakeFiles/CMakeTmp'
Building C object CMakeFiles/cmTC_78c23.dir/testCCompiler.c.o
/usr/bin/gcc    -o CMakeFiles/cmTC_78c23.dir/testCCompiler.c.o   -c /home/yincong/github_proj/rdma_learning/rlibv2/rbuild/CMakeFiles/CMakeTmp/testCCompiler.c
Linking C executable cmTC_78c23
/usr/bin/cmake -E cmake_link_script CMakeFiles/cmTC_78c23.dir/link.txt --verbose=1
/usr/bin/gcc       CMakeFiles/cmTC_78c23.dir/testCCompiler.c.o  -o cmTC_78c23 -rdynamic 
make[1]: Leaving directory '/home/yincong/github_proj/rdma_learning/rlibv2/rbuild/CMakeFiles/CMakeTmp'


Detecting C compiler ABI info compiled with the following output:
Change Dir: /home/yincong/github_proj/rdma_learning/rlibv2/rbuild/CMakeFiles/CMakeTmp

Run Build Command:"/usr/bin/make" "cmTC_08cdc/fast"
/usr/bin/make -f CMakeFiles/cmTC_08cdc.dir/build.make CMakeFiles/cmTC_08cdc.dir/build
make[1]: Entering directory '/home/yincong/github_proj/rdma_learning/rlibv2/rbuild/CMakeFiles/CMakeTmp'
Building C object CMakeFiles/cmTC_08cdc.dir/CMakeCCompilerABI.c.o
/usr/bin/gcc    -o CMakeFiles/cmTC_08cdc.dir/CMakeCCompilerABI.c.o   -c /usr/share/cmake-3.3/Modules/CMakeCCompilerABI.c
Linking C executable cmTC_08cdc
/usr/bin/cmake -E cmake_link_script CMakeFiles/cmTC_08cdc.dir/link.txt --verbose=1
/usr/bin/gcc      -v CMakeFiles/cmTC_08cdc.dir/CMakeCCompilerABI.c.o  -o cmTC_08cdc -rdynamic  
Using built-in specs.
COLLECT_GCC=/usr/bin/gcc
COLLECT_LTO_WRAPPER=/usr/lib/gcc/x86_64-linux-gnu/9/lto-wrapper
OFFLOAD_TARGET_NAMES=nvptx-none:hsa
OFFLOAD_TARGET_DEFAULT=1
Target: x86_64-linux-gnu
Configured with: ../src/configure -v --with-pkgversion='Ubuntu 9.4.0-1ubuntu1~20.04.2' --with-bugurl=file:///usr/share/doc/gcc-9/README.Bugs --enable-languages=c,ada,c++,go,brig,d,fortran,objc,obj-c++,gm2 --prefix=/usr --with-gcc-major-version-only --program-suffix=-9 --program-prefix=x86_64-linux-gnu- --enable-shared --enable-linker-build-id --libexecdir=/usr/lib --without-included-gettext --enable-threads=posix --libdir=/usr/lib --enable-nls --enable-clocale=gnu --enable-libstdcxx-debug --enable-libstdcxx-time=yes --with-default-libstdcxx-abi=new --enable-gnu-unique-object --disable-vtable-verify --enable-plugin --enable-default-pie --with-system-zlib --with-target-system-zlib=auto --enable-objc-gc=auto --enable-multiarch --disable-werror --with-arch-32=i686 --with-abi=m64 --with-multilib-list=m32,m64,mx32 --enable-multilib --with-tune=generic --enable-offload-targets=nvptx-none=/build/gcc-9-9QDOt0/gcc-9-9.4.0/debian/tmp-nvptx/usr,hsa --without-cuda-driver --enable-checking=release --build=x86_64-linux-gnu --host=x86_64-linux-gnu --target=x86_64-linux-gnu
Thread model: posix
gcc version 9.4.0 (Ubuntu 9.4.0-1ubuntu1~20.04.2) 
COMPILER_PATH=/usr/lib/gcc/x86_64-linux-gnu/9/:/usr/lib/gcc/x86_64-linux-gnu/9/:/usr/lib/gcc/x86_64-linux-gnu/:/usr/lib/gcc/x86_64-linux-gnu/9/:/usr/lib/gcc/x86_64-linux-gnu/
LIBRARY_PATH=/usr/lib/gcc/x86_64-linux-gnu/9/:/usr/lib/gcc/x86_64-linux-gnu/9/../../../x86_64-linux-gnu/:/usr/lib/gcc/x86_64-linux-gnu/9/../../../../lib/:/lib/x86_64-linux-gnu/:/lib/../lib/:/usr/lib/x86_64-linux-gnu/:/usr/lib/../lib/:/usr/lib/gcc/x86_64-linux-gnu/9/../../../:/lib/:/usr/lib/
COLLECT_GCC_OPTIONS='-v' '-o' 'cmTC_08cdc' '-rdynamic' '-mtune=generic' '-march=x86-64'
 /usr/lib/gcc/x86_64-linux-gnu/9/collect2 -plugin /usr/lib/gcc/x86_64-linux-gnu/9/liblto_plugin.so -plugin-opt=/usr/lib/gcc/x86_64-linux-gnu/9/lto-wrapper -plugin-opt=-fresolution=/tmp/cckRaZre.res -plugin-opt=-pass-through=-lgcc -plugin-opt=-pass-through=-lgcc_s -plugin-opt=-pass-through=-lc -plugin-opt=-pass-through=-lgcc -plugin-opt=-pass-through=-lgcc_s --build-id --eh-frame-hdr -m elf_x86_64 --hash-style=gnu --as-needed -export-dynamic -dynamic-linker /lib64/ld-linux-x86-64.so.2 -pie -z now -z relro -o cmTC_08cdc /usr/lib/gcc/x86_64-linux-gnu/9/../../../x86_64-linux-gnu/Scrt1.o /usr/lib/gcc/x86_64-linux-gnu/9/../../../x86_64-linux-gnu/crti.o /usr/lib/gcc/x86_64-linux-gnu/9/crtbeginS.o -L/usr/lib/gcc/x86_64-linux-gnu/9 -L/usr/lib/gcc/x86_64-linux-gnu/9/../../../x86_64-linux-gnu -L/usr/lib/gcc/x86_64-linux-gnu/9/../../../../lib -L/lib/x86_64-linux-gnu -L/lib/../lib -L/usr/lib/x86_64-linux-gnu -L/usr/lib/../lib -L/usr/lib/gcc/x86_64-linux-gnu/9/../../.. CMakeFiles/cmTC_08cdc.dir/CMakeCCompilerABI.c.o -lgcc --push-state --as-needed -lgcc_s --pop-state -lc -lgcc --push-state --as-needed -lgcc_s --pop-state /usr/lib/gcc/x86_64-linux-gnu/9/crtendS.o /usr/lib/gcc/x86_64-linux-gnu/9/../../../x86_64-linux-gnu/crtn.o
COLLECT_GCC_OPTIONS='-v' '-o' 'cmTC_08cdc' '-rdynamic' '-mtune=generic' '-march=x86-64'
make[1]: Leaving directory '/home/yincong/github_proj/rdma_learning/rlibv2/rbuild/CMakeFiles/CMakeTmp'


Parsed C implicit link information from above output:
  link line regex: [^( *|.*[/\])(ld|([^/\]+-)?ld|collect2)[^/\]*( |$)]
  ignore line: [Change Dir: /home/yincong/github_proj/rdma_learning/rlibv2/rbuild/CMakeFiles/CMakeTmp]
  ignore line: []
  ignore line: [Run Build Command:"/usr/bin/make" "cmTC_08cdc/fast"]
  ignore line: [/usr/bin/make -f CMakeFiles/cmTC_08cdc.dir/build.make CMakeFiles/cmTC_08cdc.dir/build]
  ignore line: [make[1]: Entering directory '/home/yincong/github_proj/rdma_learning/rlibv2/rbuild/CMakeFiles/CMakeTmp']
  ignore line: [Building C object CMakeFiles/cmTC_08cdc.dir/CMakeCCompilerABI.c.o]
  ignore line: [/usr/bin/gcc    -o CMakeFiles/cmTC_08cdc.dir/CMakeCCompilerABI.c.o   -c /usr/share/cmake-3.3/Modules/CMakeCCompilerABI.c]
  ignore line: [Linking C executable cmTC_08cdc]
  ignore line: [/usr/bin/cmake -E cmake_link_script CMakeFiles/cmTC_08cdc.dir/link.txt --verbose=1]
  ignore line: [/usr/bin/gcc      -v CMakeFiles/cmTC_08cdc.dir/CMakeCCompilerABI.c.o  -o cmTC_08cdc -rdynamic  ]
  ignore line: [Using built-in specs.]
  ignore line: [COLLECT_GCC=/usr/bin/gcc]
  ignore line: [COLLECT_LTO_WRAPPER=/usr/lib/gcc/x86_64-linux-gnu/9/lto-wrapper]
  ignore line: [OFFLOAD_TARGET_NAMES=nvptx-none:hsa]
  ignore line: [OFFLOAD_TARGET_DEFAULT=1]
  ignore line: [Target: x86_64-linux-gnu]
  ignore line: [Configured with: ../src/configure -v --with-pkgversion='Ubuntu 9.4.0-1ubuntu1~20.04.2' --with-bugurl=file:///usr/share/doc/gcc-9/README.Bugs --enable-languages=c,ada,c++,go,brig,d,fortran,objc,obj-c++,gm2 --prefix=/usr --with-gcc-major-version-only --program-suffix=-9 --program-prefix=x86_64-linux-gnu- --enable-shared --enable-linker-build-id --libexecdir=/usr/lib --without-included-gettext --enable-threads=posix --libdir=/usr/lib --enable-nls --enable-clocale=gnu --enable-libstdcxx-debug --enable-libstdcxx-time=yes --with-default-libstdcxx-abi=new --enable-gnu-unique-object --disable-vtable-verify --enable-plugin --enable-default-pie --with-system-zlib --with-target-system-zlib=auto --enable-objc-gc=auto --enable-multiarch --disable-werror --with-arch-32=i686 --with-abi=m64 --with-multilib-list=m32,m64,mx32 --enable-multilib --with-tune=generic --enable-offload-targets=nvptx-none=/build/gcc-9-9QDOt0/gcc-9-9.4.0/debian/tmp-nvptx/usr,hsa --without-cuda-driver --enable-checking=release --build=x86_64-linux-gnu --host=x86_64-linux-gnu --target=x86_64-linux-gnu]
  ignore line: [Thread model: posix]
  ignore line: [gcc version 9.4.0 (Ubuntu 9.4.0-1ubuntu1~20.04.2) ]
  ignore line: [COMPILER_PATH=/usr/lib/gcc/x86_64-linux-gnu/9/:/usr/lib/gcc/x86_64-linux-gnu/9/:/usr/lib/gcc/x86_64-linux-gnu/:/usr/lib/gcc/x86_64-linux-gnu/9/:/usr/lib/gcc/x86_64-linux-gnu/]
  ignore line: [LIBRARY_PATH=/usr/lib/gcc/x86_64-linux-gnu/9/:/usr/lib/gcc/x86_64-linux-gnu/9/../../../x86_64-linux-gnu/:/usr/lib/gcc/x86_64-linux-gnu/9/../../../../lib/:/lib/x86_64-linux-gnu/:/lib/../lib/:/usr/lib/x86_64-linux-gnu/:/usr/lib/../lib/:/usr/lib/gcc/x86_64-linux-gnu/9/../../../:/lib/:/usr/lib/]
  ignore line: [COLLECT_GCC_OPTIONS='-v' '-o' 'cmTC_08cdc' '-rdynamic' '-mtune=generic' '-march=x86-64']
  link line: [ /usr/lib/gcc/x86_64-linux-gnu/9/collect2 -plugin /usr/lib/gcc/x86_64-linux-gnu/9/liblto_plugin.so -plugin-opt=/usr/lib/gcc/x86_64-linux-gnu/9/lto-wrapper -plugin-opt=-fresolution=/tmp/cckRaZre.res -plugin-opt=-pass-through=-lgcc -plugin-opt=-pass-through=-lgcc_s -plugin-opt=-pass-through=-lc -plugin-opt=-pass-through=-lgcc -plugin-opt=-pass-through=-lgcc_s --build-id --eh-frame-hdr -m elf_x86_64 --hash-style=gnu --as-needed -export-dynamic -dynamic-linker /lib64/ld-linux-x86-64.so.2 -pie -z now -z relro -o cmTC_08cdc /usr/lib/gcc/x86_64-linux-gnu/9/../../../x86_64-linux-gnu/Scrt1.o /usr/lib/gcc/x86_64-linux-gnu/9/../../../x86_64-linux-gnu/crti.o /usr/lib/gcc/x86_64-linux-gnu/9/crtbeginS.o -L/usr/lib/gcc/x86_64-linux-gnu/9 -L/usr/lib/gcc/x86_64-linux-gnu/9/../../../x86_64-linux-gnu -L/usr/lib/gcc/x86_64-linux-gnu/9/../../../../lib -L/lib/x86_64-linux-gnu -L/lib/../lib -L/usr/lib/x86_64-linux-gnu -L/usr/lib/../lib -L/usr/lib/gcc/x86_64-linux-gnu/9/../../.. CMakeFiles/cmTC_08cdc.dir/CMakeCCompilerABI.c.o -lgcc --push-state --as-needed -lgcc_s --pop-state -lc -lgcc --push-state --as-needed -lgcc_s --pop-state /usr/lib/gcc/x86_64-linux-gnu/9/crtendS.o /usr/lib/gcc/x86_64-linux-gnu/9/../../../x86_64-linux-gnu/crtn.o]
    arg [/usr/lib/gcc/x86_64-linux-gnu/9/collect2] ==> ignore
    arg [-plugin] ==> ignore
    arg [/usr/lib/gcc/x86_64-linux-gnu/9/liblto_plugin.so] ==> ignore
    arg [-plugin-opt=/usr/lib/gcc/x86_64-linux-gnu/9/lto-wrapper] ==> ignore
    arg [-plugin-opt=-fresolution=/tmp/cckRaZre.res] ==> ignore
    arg [-plugin-opt=-pass-through=-lgcc] ==> ignore
    arg [-plugin-opt=-pass-through=-lgcc_s] ==> ignore
    arg [-plugin-opt=-pass-through=-lc] ==> ignore
    arg [-plugin-opt=-pass-through=-lgcc] ==> ignore
    arg [-plugin-opt=-pass-through=-lgcc_s] ==> ignore
    arg [--build-id] ==> ignore
    arg [--eh-frame-hdr] ==> ignore
    arg [-m] ==> ignore
    arg [elf_x86_64] ==> ignore
    arg [--hash-style=gnu] ==> ignore
    arg [--as-needed] ==> ignore
    arg [-export-dynamic] ==> ignore
    arg [-dynamic-linker] ==> ignore
    arg [/lib64/ld-linux-x86-64.so.2] ==> ignore
    arg [-pie] ==> ignore
    arg [-znow] ==> ignore
    arg [-zrelro] ==> ignore
    arg [-o] ==> ignore
    arg [cmTC_08cdc] ==> ignore
    arg [/usr/lib/gcc/x86_64-linux-gnu/9/../../../x86_64-linux-gnu/Scrt1.o] ==> ignore
    arg [/usr/lib/gcc/x86_64-linux-gnu/9/../../../x86_64-linux-gnu/crti.o] ==> ignore
    arg [/usr/lib/gcc/x86_64-linux-gnu/9/crtbeginS.o] ==> ignore
    arg [-L/usr/lib/gcc/x86_64-linux-gnu/9] ==> dir [/usr/lib/gcc/x86_64-linux-gnu/9]
    arg [-L/usr/lib/gcc/x86_64-linux-gnu/9/../../../x86_64-linux-gnu] ==> dir [/usr/lib/gcc/x86_64-linux-gnu/9/../../../x86_64-linux-gnu]
    arg [-L/usr/lib/gcc/x86_64-linux-gnu/9/../../../../lib] ==> dir [/usr/lib/gcc/x86_64-linux-gnu/9/../../../../lib]
    arg [-L/lib/x86_64-linux-gnu] ==> dir [/lib/x86_64-linux-gnu]
    arg [-L/lib/../lib] ==> dir [/lib/../lib]
    arg [-L/usr/lib/x86_64-linux-gnu] ==> dir [/usr/lib/x86_64-linux-gnu]
    arg [-L/usr/lib/../lib] ==> dir [/usr/lib/../lib]
    arg [-L/usr/lib/gcc/x86_64-linux-gnu/9/../../..] ==> dir [/usr/lib/gcc/x86_64-linux-gnu/9/../../..]
    arg [CMakeFiles/cmTC_08cdc.dir/CMakeCCompilerABI.c.o] ==> ignore
    arg [-lgcc] ==> lib [gcc]
    arg [--push-state] ==> ignore
    arg [--as-needed] ==> ignore
    arg [-lgcc_s] ==> lib [gcc_s]
    arg [--pop-state] ==> ignore
    arg [-lc] ==> lib [c]
    arg [-lgcc] ==> lib [gcc]
    arg [--push-state] ==> ignore
    arg [--as-needed] ==> ignore
    arg [-lgcc_s] ==> lib [gcc_s]
    arg [--pop-state] ==> ignore
    arg [/usr/lib/gcc/x86_64-linux-gnu/9/crtendS.o] ==> ignore
    arg [/usr/lib/gcc/x86_64-linux-gnu/9/../../../x86_64-linux-gnu/crtn.o] ==> ignore
  remove lib [gcc]
  remove lib [gcc_s]
  remove lib [gcc]
  remove lib [gcc_s]
  collapse library dir [/usr/lib/gcc/x86_64-linux-gnu/9] ==> [/usr/lib/gcc/x86_64-linux-gnu/9]
  collapse library dir [/usr/lib/gcc/x86_64-linux-gnu/9/../../../x86_64-linux-gnu] ==> [/usr/lib/x86_64-linux-gnu]
  collapse library dir [/usr/lib/gcc/x86_64-linux-gnu/9/../../../../lib] ==> [/usr/lib]
  collapse library dir [/lib/x86_64-linux-gnu] ==> [/lib/x86_64-linux-gnu]
  collapse library dir [/lib/../lib] ==> [/lib]
  collapse library dir [/usr/lib/x86_64-linux-gnu] ==> [/usr/lib/x86_64-linux-gnu]
  collapse library dir [/usr/lib/../lib] ==> [/usr/lib]
  collapse library dir [/usr/lib/gcc/x86_64-linux-gnu/9/../../..] ==> [/usr/lib]
  implicit libs: [c]
  implicit dirs: [/usr/lib/gcc/x86_64-linux-gnu/9;/usr/lib/x86_64-linux-gnu;/usr/lib;/lib/x86_64-linux-gnu;/lib]
  implicit fwks: []




Detecting C [-std=c11] compiler features compiled with the following output:
Change Dir: /home/yincong/github_proj/rdma_learning/rlibv2/rbuild/CMakeFiles/CMakeTmp

Run Build Command:"/usr/bin/make" "cmTC_d5a99/fast"
/usr/bin/make -f CMakeFiles/cmTC_d5a99.dir/build.make CMakeFiles/cmTC_d5a99.dir/build
make[1]: Entering directory '/home/yincong/github_proj/rdma_learning/rlibv2/rbuild/CMakeFiles/CMakeTmp'
Building C object CMakeFiles/cmTC_d5a99.dir/feature_tests.c.o
/usr/bin/gcc   -std=c11 -o CMakeFiles/cmTC_d5a99.dir/feature_tests.c.o   -c /home/yincong/github_proj/rdma_learning/rlibv2/rbuild/CMakeFiles/feature_tests.c
Linking C executable cmTC_d5a99
/usr/bin/cmake -E cmake_link_script CMakeFiles/cmTC_d5a99.dir/link.txt --verbose=1
/usr/bin/gcc       CMakeFiles/cmTC_d5a99.dir/feature_tests.c.o  -o cmTC_d5a99 -rdynamic 
make[1]: Leaving directory '/home/yincong/github_proj/rdma_learning/rlibv2/rbuild/CMakeFiles/CMakeTmp'


    Feature record: C_FEATURE:1c_function_prototypes
    Feature record: C_FEATURE:1c_restrict
    Feature record: C_FEATURE:1c_static_assert
    Feature record: C_FEATURE:1c_variadic_macros


Detecting C [-std=c99] compiler features compiled with the following output:
Change Dir: /home/yincong/github_proj/rdma_learning/rlibv2/rbuild/CMakeFiles/CMakeTmp

Run Build Command:"/usr/bin/make" "cmTC_7727d/fast"
/usr/bin/make -f CMakeFiles/cmTC_7727d.dir/build.make CMakeFiles/cmTC_7727d.dir/build
make[1]: Entering directory '/home/yincong/github_proj/rdma_learning/rlibv2/rbuild/CMakeFiles/CMakeTmp'
Building C object CMakeFiles/cmTC_7727d.dir/feature_tests.c.o
/usr/bin/gcc   -std=c99 -o CMakeFiles/cmTC_7727d.dir/feature_tests.c.o   -c /home/yincong/github_proj/rdma_learning/rlibv2/rbuild/CMakeFiles/feature_tests.c
Linking C executable cmTC_7727d
/usr/bin/cmake -E cmake_link_script CMakeFiles/cmTC_7727d.dir/link.txt --verbose=1
/usr/bin/gcc       CMakeFiles/cmTC_7727d.dir/feature_tests.c.o  -o cmTC_7727d -rdynamic 
make[1]: Leaving directory '/home/yincong/github_proj/rdma_learning/rlibv2/rbuild/CMakeFiles/CMakeTmp'


    Feature record: C_FEATURE:1c_function_prototypes
    Feature record: C_FEATURE:1c_restrict
    Feature record: C_FEATURE:0c_static_assert
    Feature record: C_FEATURE:1c_variadic_macros


Detecting C [-std=c90] compiler features compiled with the following output:
Change Dir: /home/yincong/github_proj/rdma_learning/rlibv2/rbuild/CMakeFiles/CMakeTmp

Run Build Command:"/usr/bin/make" "cmTC_7a994/fast"
/usr/bin/make -f CMakeFiles/cmTC_7a994.dir/build.make CMakeFiles/cmTC_7a994.dir/build
make[1]: Entering directory '/home/yincong/github_proj/rdma_learning/rlibv2/rbuild/CMakeFiles/CMakeTmp'
Building C object CMakeFiles/cmTC_7a994.dir/feature_tests.c.o
/usr/bin/gcc   -std=c90 -o CMakeFiles/cmTC_7a994.dir/feature_tests.c.o   -c /home/yincong/github_proj/rdma_learning/rlibv2/rbuild/CMakeFiles/feature_tests.c
Linking C executable cmTC_7a994
/usr/bin/cmake -E cmake_link_script CMakeFiles/cmTC_7a994.dir/link.txt --verbose=1
/usr/bin/gcc       CMakeFiles/cmTC_7a994.dir/feature_tests.c.o  -o cmTC_7a994 -rdynamic 
make[1]: Leaving directory '/home/yincong/github_proj/rdma_learning/rlibv2/rbuild/CMakeFiles/CMakeTmp'


    Feature record: C_FEATURE:1c_function_prototypes
    Feature record: C_FEATURE:0c_restrict
    Feature record: C_FEATURE:0c_static_assert
    Feature record: C_FEATURE:0c_variadic_macros
Determining if the CXX compiler works passed with the following output:
Change Dir: /home/yincong/github_proj/rdma_learning/rlibv2/rbuild/CMakeFiles/CMakeTmp

Run Build Command:"/usr/bin/make" "cmTC_dd237/fast"
/usr/bin/make -f CMakeFiles/cmTC_dd237.dir/build.make CMakeFiles/cmTC_dd237.dir/build
make[1]: Entering directory '/home/yincong/github_proj/rdma_learning/rlibv2/rbuild/CMakeFiles/CMakeTmp'
Building CXX object CMakeFiles/cmTC_dd237.dir/testCXXCompiler.cxx.o
/usr/bin/g++     -o CMakeFiles/cmTC_dd237.dir/testCXXCompiler.cxx.o -c /home/yincong/github_proj/rdma_learning/rlibv2/rbuild/CMakeFiles/CMakeTmp/testCXXCompiler.cxx
Linking CXX executable cmTC_dd237
/usr/bin/cmake -E cmake_link_script CMakeFiles/cmTC_dd237.dir/link.txt --verbose=1
/usr/bin/g++        CMakeFiles/cmTC_dd237.dir/testCXXCompiler.cxx.o  -o cmTC_dd237 -rdynamic 
make[1]: Leaving directory '/home/yincong/github_proj/rdma_learning/rlibv2/rbuild/CMakeFiles/CMakeTmp'


Detecting CXX compiler ABI info compiled with the following output:
Change Dir: /home/yincong/github_proj/rdma_learning/rlibv2/rbuild/CMakeFiles/CMakeTmp

Run Build Command:"/usr/bin/make" "cmTC_df5ff/fast"
/usr/bin/make -f CMakeFiles/cmTC_df5ff.dir/build.make CMakeFiles/cmTC_df5ff.dir/build
make[1]: Entering directory '/home/yincong/github_proj/rdma_learning/rlibv2/rbuild/CMakeFiles/CMakeTmp'
Building CXX object CMakeFiles/cmTC_df5ff.dir/CMakeCXXCompilerABI.cpp.o
/usr/bin/g++     -o CMakeFiles/cmTC_df5ff.dir/CMakeCXXCompilerABI.cpp.o -c /usr/share/cmake-3.3/Modules/CMakeCXXCompilerABI.cpp
Linking CXX executable cmTC_df5ff
/usr/bin/cmake -E cmake_link_script CMakeFiles/cmTC_df5ff.dir/link.txt --verbose=1
/usr/bin/g++       -v CMakeFiles/cmTC_df5ff.dir/CMakeCXXCompilerABI.cpp.o  -o cmTC_df5ff -rdynamic  
Using built-in specs.
COLLECT_GCC=/usr/bin/g++
COLLECT_LTO_WRAPPER=/usr/lib/gcc/x86_64-linux-gnu/9/lto-wrapper
OFFLOAD_TARGET_NAMES=nvptx-none:hsa
OFFLOAD_TARGET_DEFAULT=1
Target: x86_64-linux-gnu
Configured with: ../src/configure -v --with-pkgversion='Ubuntu 9.4.0-1ubuntu1~20.04.2' --with-bugurl=file:///usr/share/doc/gcc-9/README.Bugs --enable-languages=c,ada,c++,go,brig,d,fortran,objc,obj-c++,gm2 --prefix=/usr --with-gcc-major-version-only --program-suffix=-9 --program-prefix=x86_64-linux-gnu- --enable-shared --enable-linker-build-id --libexecdir=/usr/lib --without-included-gettext --enable-threads=posix --libdir=/usr/lib --enable-nls --enable-clocale=gnu --enable-libstdcxx-debug --enable-libstdcxx-time=yes --with-default-libstdcxx-abi=new --enable-gnu-unique-object --disable-vtable-verify --enable-plugin --enable-default-pie --with-system-zlib --with-target-system-zlib=auto --enable-objc-gc=auto --enable-multiarch --disable-werror --with-arch-32=i686 --with-abi=m64 --with-multilib-list=m32,m64,mx32 --enable-multilib --with-tune=generic --enable-offload-targets=nvptx-none=/build/gcc-9-9QDOt0/gcc-9-9.4.0/debian/tmp-nvptx/usr,hsa --without-cuda-driver --enable-checking=release --build=x86_64-linux-gnu --host=x86_64-linux-gnu --target=x86_64-linux-gnu
Thread model: posix
gcc version 9.4.0 (Ubuntu 9.4.0-1ubuntu1~20.04.2) 
COMPILER_PATH=/usr/lib/gcc/x86_64-linux-gnu/9/:/usr/lib/gcc/x86_64-linux-gnu/9/:/usr/lib/gcc/x86_64-linux-gnu/:/usr/lib/gcc/x86_64-linux-gnu/9/:/usr/lib/gcc/x86_64-linux-gnu/
LIBRARY_PATH=/usr/lib/gcc/x86_64-linux-gnu/9/:/usr/lib/gcc/x86_64-linux-gnu/9/../../../x86_64-linux-gnu/:/usr/lib/gcc/x86_64-linux-gnu/9/../../../../lib/:/lib/x86_64-linux-gnu/:/lib/../lib/:/usr/lib/x86_64-linux-gnu/:/usr/lib/../lib/:/usr/lib/gcc/x86_64-linux-gnu/9/../../../:/lib/:/usr/lib/
COLLECT_GCC_OPTIONS='-v' '-o' 'cmTC_df5ff' '-rdynamic' '-shared-libgcc' '-mtune=generic' '-march=x86-64'
 /usr/lib/gcc/x86_64-linux-gnu/9/collect2 -plugin /usr/lib/gcc/x86_64-linux-gnu/9/liblto_plugin.so -plugin-opt=/usr/lib/gcc/x86_64-linux-gnu/9/lto-wrapper -plugin-opt=-fresolution=/tmp/cciP3qS7.res -plugin-opt=-pass-through=-lgcc_s -plugin-opt=-pass-through=-lgcc -plugin-opt=-pass-through=-lc -plugin-opt=-pass-through=-lgcc_s -plugin-opt=-pass-through=-lgcc --build-id --eh-frame-hdr -m elf_x86_64 --hash-style=gnu --as-needed -export-dynamic -dynamic-linker /lib64/ld-linux-x86-64.so.2 -pie -z now -z relro -o cmTC_df5ff /usr/lib/gcc/x86_64-linux-gnu/9/../../../x86_64-linux-gnu/Scrt1.o /usr/lib/gcc/x86_64-linux-gnu/9/../../../x86_64-linux-gnu/crti.o /usr/lib/gcc/x86_64-linux-gnu/9/crtbeginS.o -L/usr/lib/gcc/x86_64-linux-gnu/9 -L/usr/lib/gcc/x86_64-linux-gnu/9/../../../x86_64-linux-gnu -L/usr/lib/gcc/x86_64-linux-gnu/9/../../../../lib -L/lib/x86_64-linux-gnu -L/lib/../lib -L/usr/lib/x86_64-linux-gnu -L/usr/lib/../lib -L/usr/lib/gcc/x86_64-linux-gnu/9/../../.. CMakeFiles/cmTC_df5ff.dir/CMakeCXXCompilerABI.cpp.o -lstdc++ -lm -lgcc_s -lgcc -lc -lgcc_s -lgcc /usr/lib/gcc/x86_64-linux-gnu/9/crtendS.o /usr/lib/gcc/x86_64-linux-gnu/9/../../../x86_64-linux-gnu/crtn.o
COLLECT_GCC_OPTIONS='-v' '-o' 'cmTC_df5ff' '-rdynamic' '-shared-libgcc' '-mtune=generic' '-march=x86-64'
make[1]: Leaving directory '/home/yincong/github_proj/rdma_learning/rlibv2/rbuild/CMakeFiles/CMakeTmp'


Parsed CXX implicit link information from above output:
  link line regex: [^( *|.*[/\])(ld|([^/\]+-)?ld|collect2)[^/\]*( |$)]
  ignore line: [Change Dir: /home/yincong/github_proj/rdma_learning/rlibv2/rbuild/CMakeFiles/CMakeTmp]
  ignore line: []
  ignore line: [Run Build Command:"/usr/bin/make" "cmTC_df5ff/fast"]
  ignore line: [/usr/bin/make -f CMakeFiles/cmTC_df5ff.dir/build.make CMakeFiles/cmTC_df5ff.dir/build]
  ignore line: [make[1]: Entering directory '/home/yincong/github_proj/rdma_learning/rlibv2/rbuild/CMakeFiles/CMakeTmp']
  ignore line: [Building CXX object CMakeFiles/cmTC_df5ff.dir/CMakeCXXCompilerABI.cpp.o]
  ignore line: [/usr/bin/g++     -o CMakeFiles/cmTC_df5ff.dir/CMakeCXXCompilerABI.cpp.o -c /usr/share/cmake-3.3/Modules/CMakeCXXCompilerABI.cpp]
  ignore line: [Linking CXX executable cmTC_df5ff]
  ignore line: [/usr/bin/cmake -E cmake_link_script CMakeFiles/cmTC_df5ff.dir/link.txt --verbose=1]
  ignore line: [/usr/bin/g++       -v CMakeFiles/cmTC_df5ff.dir/CMakeCXXCompilerABI.cpp.o  -o cmTC_df5ff -rdynamic  ]
  ignore line: [Using built-in specs.]
  ignore line: [COLLECT_GCC=/usr/bin/g++]
  ignore line: [COLLECT_LTO_WRAPPER=/usr/lib/gcc/x86_64-linux-gnu/9/lto-wrapper]
  ignore line: [OFFLOAD_TARGET_NAMES=nvptx-none:hsa]
  ignore line: [OFFLOAD_TARGET_DEFAULT=1]
  ignore line: [Target: x86_64-linux-gnu]
  ignore line: [Configured with: ../src/configure -v --with-pkgversion='Ubuntu 9.4.0-1ubuntu1~20.04.2' --with-bugurl=file:///usr/share/doc/gcc-9/README.Bugs --enable-languages=c,ada,c++,go,brig,d,fortran,objc,obj-c++,gm2 --prefix=/usr --with-gcc-major-version-only --program-suffix=-9 --program-prefix=x86_64-linux-gnu- --enable-shared --enable-linker-build-id --libexecdir=/usr/lib --without-included-gettext --enable-threads=posix --libdir=/usr/lib --enable-nls --enable-clocale=gnu --enable-libstdcxx-debug --enable-libstdcxx-time=yes --with-default-libstdcxx-abi=new --enable-gnu-unique-object --disable-vtable-verify --enable-plugin --enable-default-pie --with-system-zlib --with-target-system-zlib=auto --enable-objc-gc=auto --enable-multiarch --disable-werror --with-arch-32=i686 --with-abi=m64 --with-multilib-list=m32,m64,mx32 --enable-multilib --with-tune=generic --enable-offload-targets=nvptx-none=/build/gcc-9-9QDOt0/gcc-9-9.4.0/debian/tmp-nvptx/usr,hsa --without-cuda-driver --enable-checking=release --build=x86_64-linux-gnu --host=x86_64-linux-gnu --target=x86_64-linux-gnu]
  ignore line: [Thread model: posix]
  ignore line: [gcc version 9.4.0 (Ubuntu 9.4.0-1ubuntu1~20.04.2) ]
  ignore line: [COMPILER_PATH=/usr/lib/gcc/x86_64-linux-gnu/9/:/usr/lib/gcc/x86_64-linux-gnu/9/:/usr/lib/gcc/x86_64-linux-gnu/:/usr/lib/gcc/x86_64-linux-gnu/9/:/usr/lib/gcc/x86_64-linux-gnu/]
  ignore line: [LIBRARY_PATH=/usr/lib/gcc/x86_64-linux-gnu/9/:/usr/lib/gcc/x86_64-linux-gnu/9/../../../x86_64-linux-gnu/:/usr/lib/gcc/x86_64-linux-gnu/9/../../../../lib/:/lib/x86_64-linux-gnu/:/lib/../lib/:/usr/lib/x86_64-linux-gnu/:/usr/lib/../lib/:/usr/lib/gcc/x86_64-linux-gnu/9/../../../:/lib/:/usr/lib/]
  ignore line: [COLLECT_GCC_OPTIONS='-v' '-o' 'cmTC_df5ff' '-rdynamic' '-shared-libgcc' '-mtune=generic' '-march=x86-64']
  link line: [ /usr/lib/gcc/x86_64-linux-gnu/9/collect2 -plugin /usr/lib/gcc/x86_64-linux-gnu/9/liblto_plugin.so -plugin-opt=/usr/lib/gcc/x86_64-linux-gnu/9/lto-wrapper -plugin-opt=-fresolution=/tmp/cciP3qS7.res -plugin-opt=-pass-through=-lgcc_s -plugin-opt=-pass-through=-lgcc -plugin-opt=-pass-through=-lc -plugin-opt=-pass-through=-lgcc_s -plugin-opt=-pass-through=-lgcc --build-id --eh-frame-hdr -m elf_x86_64 --hash-style=gnu --as-needed -export-dynamic -dynamic-linker /lib64/ld-linux-x86-64.so.2 -pie -z now -z relro -o cmTC_df5ff /usr/lib/gcc/x86_64-linux-gnu/9/../../../x86_64-linux-gnu/Scrt1.o /usr/lib/gcc/x86_64-linux-gnu/9/../../../x86_64-linux-gnu/crti.o /usr/lib/gcc/x86_64-linux-gnu/9/crtbeginS.o -L/usr/lib/gcc/x86_64-linux-gnu/9 -L/usr/lib/gcc/x86_64-linux-gnu/9/../../../x86_64-linux-gnu -L/usr/lib/gcc/x86_64-linux-gnu/9/../../../../lib -L/lib/x86_64-linux-gnu -L/lib/../lib -L/usr/lib/x86_64-linux-gnu -L/usr/lib/../lib -L/usr/lib/gcc/x86_64-linux-gnu/9/../../.. CMakeFiles/cmTC_df5ff.dir/CMakeCXXCompilerABI.cpp.o -lstdc++ -lm -lgcc_s -lgcc -lc -lgcc_s -lgcc /usr/lib/gcc/x86_64-linux-gnu/9/crtendS.o /usr/lib/gcc/x86_64-linux-gnu/9/../../../x86_64-linux-gnu/crtn.o]
    arg [/usr/lib/gcc/x86_64-linux-gnu/9/collect2] ==> ignore
    arg [-plugin] ==> ignore
    arg [/usr/lib/gcc/x86_64-linux-gnu/9/liblto_plugin.so] ==> ignore
    arg [-plugin-opt=/usr/lib/gcc/x86_64-linux-gnu/9/lto-wrapper] ==> ignore
    arg [-plugin-opt=-fresolution=/tmp/cciP3qS7.res] ==> ignore
    arg [-plugin-opt=-pass-through=-lgcc_s] ==> ignore
    arg [-plugin-opt=-pass-through=-lgcc] ==> ignore
    arg [-plugin-opt=-pass-through=-lc] ==> ignore
    arg [-plugin-opt=-pass-through=-lgcc_s] ==> ignore
    arg [-plugin-opt=-pass-through=-lgcc] ==> ignore
    arg [--build-id] ==> ignore
    arg [--eh-frame-hdr] ==> ignore
    arg [-m] ==> ignore
    arg [elf_x86_64] ==> ignore
    arg [--hash-style=gnu] ==> ignore
    arg [--as-needed] ==> ignore
    arg [-export-dynamic] ==> ignore
    arg [-dynamic-linker] ==> ignore
    arg [/lib64/ld-linux-x86-64.so.2] ==> ignore
    arg [-pie] ==> ignore
    arg [-znow] ==> ignore
    arg [-zrelro] ==> ignore
    arg [-o] ==> ignore
    arg [cmTC_df5ff] ==> ignore
    arg [/usr/lib/gcc/x86_64-linux-gnu/9/../../../x86_64-linux-gnu/Scrt1.o] ==> ignore
    arg [/usr/lib/gcc/x86_64-linux-gnu/9/../../../x86_64-linux-gnu/crti.o] ==> ignore
    arg [/usr/lib/gcc/x86_64-linux-gnu/9/crtbeginS.o] ==> ignore
    arg [-L/usr/lib/gcc/x86_64-linux-gnu/9] ==> dir [/usr/lib/gcc/x86_64-linux-gnu/9]
    arg [-L/usr/lib/gcc/x86_64-linux-gnu/9/../../../x86_64-linux-gnu] ==> dir [/usr/lib/gcc/x86_64-linux-gnu/9/../../../x86_64-linux-gnu]
    arg [-L/usr/lib/gcc/x86_64-linux-gnu/9/../../../../lib] ==> dir [/usr/lib/gcc/x86_64-linux-gnu/9/../../../../lib]
    arg [-L/lib/x86_64-linux-gnu] ==> dir [/lib/x86_64-linux-gnu]
    arg [-L/lib/../lib] ==> dir [/lib/../lib]
    arg [-L/usr/lib/x86_64-linux-gnu] ==> dir [/usr/lib/x86_64-linux-gnu]
    arg [-L/usr/lib/../lib] ==> dir [/usr/lib/../lib]
    arg [-L/usr/lib/gcc/x86_64-linux-gnu/9/../../..] ==> dir [/usr/lib/gcc/x86_64-linux-gnu/9/../../..]
    arg [CMakeFiles/cmTC_df5ff.dir/CMakeCXXCompilerABI.cpp.o] ==> ignore
    arg [-lstdc++] ==> lib [stdc++]
    arg [-lm] ==> lib [m]
    arg [-lgcc_s] ==> lib [gcc_s]
    arg [-lgcc] ==> lib [gcc]
    arg [-lc] ==> lib [c]
    arg [-lgcc_s] ==> lib [gcc_s]
    arg [-lgcc] ==> lib [gcc]
    arg [/usr/lib/gcc/x86_64-linux-gnu/9/crtendS.o] ==> ignore
    arg [/usr/lib/gcc/x86_64-linux-gnu/9/../../../x86_64-linux-gnu/crtn.o] ==> ignore
  remove lib [gcc_s]
  remove lib [gcc]
  remove lib [gcc_s]
  remove lib [gcc]
  collapse library dir [/usr/lib/gcc/x86_64-linux-gnu/9] ==> [/usr/lib/gcc/x86_64-linux-gnu/9]
  collapse library dir [/usr/lib/gcc/x86_64-linux-gnu/9/../../../x86_64-linux-gnu] ==> [/usr/lib/x86_64-linux-gnu]
  collapse library dir [/usr/lib/gcc/x86_64-linux-gnu/9/../../../../lib] ==> [/usr/lib]
  collapse library dir [/lib/x86_64-linux-gnu] ==> [/lib/x86_64-linux-gnu]
  collapse library dir [/lib/../lib] ==> [/lib]
  collapse library dir [/usr/lib/x86_64-linux-gnu] ==> [/usr/lib/x86_64-linux-gnu]
  collapse library dir [/usr/lib/../lib] ==> [/usr/lib]
  collapse library dir [/usr/lib/gcc/x86_64-linux-gnu/9/../../..] ==> [/usr/lib]
  implicit libs: [stdc++;m;c]
  implicit dirs: [/usr/lib/gcc/x86_64-linux-gnu/9;/usr/lib/x86_64-linux-gnu;/usr/lib;/lib/x86_64-linux-gnu;/lib]
  implicit fwks: []




Detecting CXX [-std=c++14] compiler features compiled with the following output:
Change Dir: /home/yincong/github_proj/rdma_learning/rlibv2/rbuild/CMakeFiles/CMakeTmp

Run Build Command:"/usr/bin/make" "cmTC_0b03d/fast"
/usr/bin/make -f CMakeFiles/cmTC_0b03d.dir/build.make CMakeFiles/cmTC_0b03d.dir/build
make[1]: Entering directory '/home/yincong/github_proj/rdma_learning/rlibv2/rbuild/CMakeFiles/CMakeTmp'
Building CXX object CMakeFiles/cmTC_0b03d.dir/feature_tests.cxx.o
/usr/bin/g++    -std=c++14 -o CMakeFiles/cmTC_0b03d.dir/feature_tests.cxx.o -c /home/yincong/github_proj/rdma_learning/rlibv2/rbuild/CMakeFiles/feature_tests.cxx
Linking CXX executable cmTC_0b03d
/usr/bin/cmake -E cmake_link_script CMakeFiles/cmTC_0b03d.dir/link.txt --verbose=1
/usr/bin/g++        CMakeFiles/cmTC_0b03d.dir/feature_tests.cxx.o  -o cmTC_0b03d -rdynamic 
make[1]: Leaving directory '/home/yincong/github_proj/rdma_learning/rlibv2/rbuild/CMakeFiles/CMakeTmp'


    Feature record: CXX_FEATURE:1cxx_aggregate_default_initializers
    Feature record: CXX_FEATURE:1cxx_alias_templates
    Feature record: CXX_FEATURE:1cxx_alignas
    Feature record: CXX_FEATURE:1cxx_alignof
    Feature record: CXX_FEATURE:1cxx_attributes
    Feature record: CXX_FEATURE:1cxx_attribute_deprecated
    Feature record: CXX_FEATURE:1cxx_auto_type
    Feature record: CXX_FEATURE:1cxx_binary_literals
    Feature record: CXX_FEATURE:1cxx_constexpr
    Feature record: CXX_FEATURE:1cxx_contextual_conversions
    Feature record: CXX_FEATURE:1cxx_decltype
    Feature record: CXX_FEATURE:1cxx_decltype_auto
    Feature record: CXX_FEATURE:1cxx_decltype_incomplete_return_types
    Feature record: CXX_FEATURE:1cxx_default_function_template_args
    Feature record: CXX_FEATURE:1cxx_defaulted_functions
    Feature record: CXX_FEATURE:1cxx_defaulted_move_initializers
    Feature record: CXX_FEATURE:1cxx_delegating_constructors
    Feature record: CXX_FEATURE:1cxx_deleted_functions
    Feature record: CXX_FEATURE:1cxx_digit_separators
    Feature record: CXX_FEATURE:1cxx_enum_forward_declarations
    Feature record: CXX_FEATURE:1cxx_explicit_conversions
    Feature record: CXX_FEATURE:1cxx_extended_friend_declarations
    Feature record: CXX_FEATURE:1cxx_extern_templates
    Feature record: CXX_FEATURE:1cxx_final
    Feature record: CXX_FEATURE:1cxx_func_identifier
    Feature record: CXX_FEATURE:1cxx_generalized_initializers
    Feature record: CXX_FEATURE:1cxx_generic_lambdas
    Feature record: CXX_FEATURE:1cxx_inheriting_constructors
    Feature record: CXX_FEATURE:1cxx_inline_namespaces
    Feature record: CXX_FEATURE:1cxx_lambdas
    Feature record: CXX_FEATURE:1cxx_lambda_init_captures
    Feature record: CXX_FEATURE:1cxx_local_type_template_args
    Feature record: CXX_FEATURE:1cxx_long_long_type
    Feature record: CXX_FEATURE:1cxx_noexcept
    Feature record: CXX_FEATURE:1cxx_nonstatic_member_init
    Feature record: CXX_FEATURE:1cxx_nullptr
    Feature record: CXX_FEATURE:1cxx_override
    Feature record: CXX_FEATURE:1cxx_range_for
    Feature record: CXX_FEATURE:1cxx_raw_string_literals
    Feature record: CXX_FEATURE:1cxx_reference_qualified_functions
    Feature record: CXX_FEATURE:1cxx_relaxed_constexpr
    Feature record: CXX_FEATURE:1cxx_return_type_deduction
    Feature record: CXX_FEATURE:1cxx_right_angle_brackets
    Feature record: CXX_FEATURE:1cxx_rvalue_references
    Feature record: CXX_FEATURE:1cxx_sizeof_member
    Feature record: CXX_FEATURE:1cxx_static_assert
    Feature record: CXX_FEATURE:1cxx_strong_enums
    Feature record: CXX_FEATURE:1cxx_template_template_parameters
    Feature record: CXX_FEATURE:1cxx_thread_local
    Feature record: CXX_FEATURE:1cxx_trailing_return_types
    Feature record: CXX_FEATURE:1cxx_unicode_literals
    Feature record: CXX_FEATURE:1cxx_uniform_initialization
    Feature record: CXX_FEATURE:1cxx_unrestricted_unions
    Feature record: CXX_FEATURE:1cxx_user_literals
    Feature record: CXX_FEATURE:1cxx_variable_templates
    Feature record: CXX_FEATURE:1cxx_variadic_macros
    Feature record: CXX_FEATURE:1cxx_variadic_templates


Detecting CXX [-std=c++11] compiler features compiled with the following output:
Change Dir: /home/yincong/github_proj/rdma_learning/rlibv2/rbuild/CMakeFiles/CMakeTmp

Run Build Command:"/usr/bin/make" "cmTC_91a1c/fast"
/usr/bin/make -f CMakeFiles/cmTC_91a1c.dir/build.make CMakeFiles/cmTC_91a1c.dir/build
make[1]: Entering directory '/home/yincong/github_proj/rdma_learning/rlibv2/rbuild/CMakeFiles/CMakeTmp'
Building CXX object CMakeFiles/cmTC_91a1c.dir/feature_tests.cxx.o
/usr/bin/g++    -std=c++11 -o CMakeFiles/cmTC_91a1c.dir/feature_tests.cxx.o -c /home/yincong/github_proj/rdma_learning/rlibv2/rbuild/CMakeFiles/feature_tests.cxx
Linking CXX executable cmTC_91a1c
/usr/bin/cmake -E cmake_link_script CMakeFiles/cmTC_91a1c.dir/link.txt --verbose=1
/usr/bin/g++        CMakeFiles/cmTC_91a1c.dir/feature_tests.cxx.o  -o cmTC_91a1c -rdynamic 
make[1]: Leaving directory '/home/yincong/github_proj/rdma_learning/rlibv2/rbuild/CMakeFiles/CMakeTmp'


    Feature record: CXX_FEATURE:0cxx_aggregate_default_initializers
    Feature record: CXX_FEATURE:1cxx_alias_templates
    Feature record: CXX_FEATURE:1cxx_alignas
    Feature record: CXX_FEATURE:1cxx_alignof
    Feature record: CXX_FEATURE:1cxx_attributes
    Feature record: CXX_FEATURE:0cxx_attribute_deprecated
    Feature record: CXX_FEATURE:1cxx_auto_type
    Feature record: CXX_FEATURE:0cxx_binary_literals
    Feature record: CXX_FEATURE:1cxx_constexpr
    Feature record: CXX_FEATURE:0cxx_contextual_conversions
    Feature record: CXX_FEATURE:1cxx_decltype
    Feature record: CXX_FEATURE:0cxx_decltype_auto
    Feature record: CXX_FEATURE:1cxx_decltype_incomplete_return_types
    Feature record: CXX_FEATURE:1cxx_default_function_template_args
    Feature record: CXX_FEATURE:1cxx_defaulted_functions
    Feature record: CXX_FEATURE:1cxx_defaulted_move_initializers
    Feature record: CXX_FEATURE:1cxx_delegating_constructors
    Feature record: CXX_FEATURE:1cxx_deleted_functions
    Feature record: CXX_FEATURE:0cxx_digit_separators
    Feature record: CXX_FEATURE:1cxx_enum_forward_declarations
    Feature record: CXX_FEATURE:1cxx_explicit_conversions
    Feature record: CXX_FEATURE:1cxx_extended_friend_declarations
    Feature record: CXX_FEATURE:1cxx_extern_templates
    Feature record: CXX_FEATURE:1cxx_final
    Feature record: CXX_FEATURE:1cxx_func_identifier
    Feature record: CXX_FEATURE:1cxx_generalized_initializers
    Feature record: CXX_FEATURE:0cxx_generic_lambdas
    Feature record: CXX_FEATURE:1cxx_inheriting_constructors
    Feature record: CXX_FEATURE:1cxx_inline_namespaces
    Feature record: CXX_FEATURE:1cxx_lambdas
    Feature record: CXX_FEATURE:0cxx_lambda_init_captures
    Feature record: CXX_FEATURE:1cxx_local_type_template_args
    Feature record: CXX_FEATURE:1cxx_long_long_type
    Feature record: CXX_FEATURE:1cxx_noexcept
    Feature record: CXX_FEATURE:1cxx_nonstatic_member_init
    Feature record: CXX_FEATURE:1cxx_nullptr
    Feature record: CXX_FEATURE:1cxx_override
    Feature record: CXX_FEATURE:1cxx_range_for
    Feature record: CXX_FEATURE:1cxx_raw_string_literals
    Feature record: CXX_FEATURE:1cxx_reference_qualified_functions
    Feature record: CXX_FEATURE:0cxx_relaxed_constexpr
    Feature record: CXX_FEATURE:0cxx_return_type_deduction
    Feature record: CXX_FEATURE:1cxx_right_angle_brackets
    Feature record: CXX_FEATURE:1cxx_rvalue_references
    Feature record: CXX_FEATURE:1cxx_sizeof_member
    Feature record: CXX_FEATURE:1cxx_static_assert
    Feature record: CXX_FEATURE:1cxx_strong_enums
    Feature record: CXX_FEATURE:1cxx_template_template_parameters
    Feature record: CXX_FEATURE:1cxx_thread_local
    Feature record: CXX_FEATURE:1cxx_trailing_return_types
    Feature record: CXX_FEATURE:1cxx_unicode_literals
    Feature record: CXX_FEATURE:1cxx_uniform_initialization
    Feature record: CXX_FEATURE:1cxx_unrestricted_unions
    Feature record: CXX_FEATURE:1cxx_user_literals
    Feature record: CXX_FEATURE:0cxx_variable_templates
    Feature record: CXX_FEATURE:1cxx_variadic_macros
    Feature record: CXX_FEATURE:1cxx_variadic_templates


Detecting CXX [-std=c++98] compiler features compiled with the following output:
Change Dir: /home/yincong/github_proj/rdma_learning/rlibv2/rbuild/CMakeFiles/CMakeTmp

Run Build Command:"/usr/bin/make" "cmTC_b5665/fast"
/usr/bin/make -f CMakeFiles/cmTC_b5665.dir/build.make CMakeFiles/cmTC_b5665.dir/build
make[1]: Entering directory '/home/yincong/github_proj/rdma_learning/rlibv2/rbuild/CMakeFiles/CMakeTmp'
Building CXX object CMakeFiles/cmTC_b5665.dir/feature_tests.cxx.o
/usr/bin/g++    -std=c++98 -o CMakeFiles/cmTC_b5665.dir/feature_tests.cxx.o -c /home/yincong/github_proj/rdma_learning/rlibv2/rbuild/CMakeFiles/feature_tests.cxx
Linking CXX executable cmTC_b5665
/usr/bin/cmake -E cmake_link_script CMakeFiles/cmTC_b5665.dir/link.txt --verbose=1
/usr/bin/g++        CMakeFiles/cmTC_b5665.dir/feature_tests.cxx.o  -o cmTC_b5665 -rdynamic 
make[1]: Leaving directory '/home/yincong/github_proj/rdma_learning/rlibv2/rbuild/CMakeFiles/CMakeTmp'


    Feature record: CXX_FEATURE:0cxx_aggregate_default_initializers
    Feature record: CXX_FEATURE:0cxx_alias_templates
    Feature record: CXX_FEATURE:0cxx_alignas
    Feature record: CXX_FEATURE:0cxx_alignof
    Feature record: CXX_FEATURE:0cxx_attributes
    Feature record: CXX_FEATURE:0cxx_attribute_deprecated
    Feature record: CXX_FEATURE:0cxx_auto_type
    Feature record: CXX_FEATURE:0cxx_binary_literals
    Feature record: CXX_FEATURE:0cxx_constexpr
    Feature record: CXX_FEATURE:0cxx_contextual_conversions
    Feature record: CXX_FEATURE:0cxx_decltype
    Feature record: CXX_FEATURE:0cxx_decltype_auto
    Feature record: CXX_FEATURE:0cxx_decltype_incomplete_return_types
    Feature record: CXX_FEATURE:0cxx_default_function_template_args
    Feature record: CXX_FEATURE:0cxx_defaulted_functions
    Feature record: CXX_FEATURE:0cxx_defaulted_move_initializers
    Feature record: CXX_FEATURE:0cxx_delegating_constructors
    Feature record: CXX_FEATURE:0cxx_deleted_functions
    Feature record: CXX_FEATURE:0cxx_digit_separators
    Feature record: CXX_FEATURE:0cxx_enum_forward_declarations
    Feature record: CXX_FEATURE:0cxx_explicit_conversions
    Feature record: CXX_FEATURE:0cxx_extended_friend_declarations
    Feature record: CXX_FEATURE:0cxx_extern_templates
    Feature record: CXX_FEATURE:0cxx_final
    Feature record: CXX_FEATURE:0cxx_func_identifier
    Feature record: CXX_FEATURE:0cxx_generalized_initializers
    Feature record: CXX_FEATURE:0cxx_generic_lambdas
    Feature record: CXX_FEATURE:0cxx_inheriting_constructors
    Feature record: CXX_FEATURE:0cxx_inline_namespaces
    Feature record: CXX_FEATURE:0cxx_lambdas
    Feature record: CXX_FEATURE:0cxx_lambda_init_captures
    Feature record: CXX_FEATURE:0cxx_local_type_template_args
    Feature record: CXX_FEATURE:0cxx_long_long_type
    Feature record: CXX_FEATURE:0cxx_noexcept
    Feature record: CXX_FEATURE:0cxx_nonstatic_member_init
    Feature record: CXX_FEATURE:0cxx_nullptr
    Feature record: CXX_FEATURE:0cxx_override
    Feature record: CXX_FEATURE:0cxx_range_for
    Feature record: CXX_FEATURE:0cxx_raw_string_literals
    Feature record: CXX_FEATURE:0cxx_reference_qualified_functions
    Feature record: CXX_FEATURE:0cxx_relaxed_constexpr
    Feature record: CXX_FEATURE:0cxx_return_type_deduction
    Feature record: CXX_FEATURE:0cxx_right_angle_brackets
    Feature record: CXX_FEATURE:0cxx_rvalue_references
    Feature record: CXX_FEATURE:0cxx_sizeof_member
    Feature record: CXX_FEATURE:0cxx_static_assert
    Feature record: CXX_FEATURE:0cxx_strong_enums
    Feature record: CXX_FEATURE:1cxx_template_template_parameters
    Feature record: CXX_FEATURE:0cxx_thread_local
    Feature record: CXX_FEATURE:0cxx_trailing_return_types
    Feature record: CXX_FEATURE:0cxx_unicode_literals
    Feature record: CXX_FEATURE:0cxx_uniform_initialization
    Feature record: CXX_FEATURE:0cxx_unrestricted_unions
    Feature record: CXX_FEATURE:0cxx_user_literals
    Feature record: CXX_FEATURE:0cxx_variable_templates
    Feature record: CXX_FEATURE:0cxx_variadic_macros
    Feature record: CXX_FEATURE:0cxx_variadic_templates
Determining if files pthread.h exist passed with the following output:
Change Dir: /home/yincong/github_proj/rdma_learning/rlibv2/rbuild/CMakeFiles/CMakeTmp

Run Build Command:"/usr/bin/make" "cmTC_da365/fast"
/usr/bin/make -f CMakeFiles/cmTC_da365.dir/build.make CMakeFiles/cmTC_da365.dir/build
make[1]: Entering directory '/home/yincong/github_proj/rdma_learning/rlibv2/rbuild/CMakeFiles/CMakeTmp'
Building C object CMakeFiles/cmTC_da365.dir/CheckIncludeFiles.c.o
/usr/bin/gcc    -o CMakeFiles/cmTC_da365.dir/CheckIncludeFiles.c.o   -c /home/yincong/github_proj/rdma_learning/rlibv2/rbuild/CMakeFiles/CMakeTmp/CheckIncludeFiles.c
Linking C executable cmTC_da365
/usr/bin/cmake -E cmake_link_script CMakeFiles/cmTC_da365.dir/link.txt --verbose=1
/usr/bin/gcc       CMakeFiles/cmTC_da365.dir/CheckIncludeFiles.c.o  -o cmTC_da365 -rdynamic 
make[1]: Leaving directory '/home/yincong/github_proj/rdma_learning/rlibv2/rbuild/CMakeFiles/CMakeTmp'


Determining if the function pthread_create exists in the pthread passed with the following output:
Change Dir: /home/yincong/github_proj/rdma_learning/rlibv2/rbuild/CMakeFiles/CMakeTmp

Run Build Command:"/usr/bin/make" "cmTC_9b088/fast"
/usr/bin/make -f CMakeFiles/cmTC_9b088.dir/build.make CMakeFiles/cmTC_9b088.dir/build
make[1]: Entering directory '/home/yincong/github_proj/rdma_learning/rlibv2/rbuild/CMakeFiles/CMakeTmp'
Building C object CMakeFiles/cmTC_9b088.dir/CheckFunctionExists.c.o
/usr/bin/gcc   -DCHECK_FUNCTION_EXISTS=pthread_create   -o CMakeFiles/cmTC_9b088.dir/CheckFunctionExists.c.o   -c /usr/share/cmake-3.3/Modules/CheckFunctionExists.c
Linking C executable cmTC_9b088
/usr/bin/cmake -E cmake_link_script CMakeFiles/cmTC_9b088.dir/link.txt --verbose=1
/usr/bin/gcc   -DCHECK_FUNCTION_EXISTS=pthread_create    CMakeFiles/cmTC_9b088.dir/CheckFunctionExists.c.o  -o cmTC_9b088 -rdynamic -lpthread 
make[1]: Leaving directory '/home/yincong/github_proj/rdma_learning/rlibv2/rbuild/CMakeFiles/CMakeTmp'


Determining if the include file unistd.h exists passed with the following output:
Change Dir: /home/yincong/github_proj/rdma_learning/rlibv2/rbuild/CMakeFiles/CMakeTmp

Run Build Command:"/usr/bin/make" "cmTC_17fe4/fast"
/usr/bin/make -f CMakeFiles/cmTC_17fe4.dir/build.make CMakeFiles/cmTC_17fe4.dir/build
make[1]: Entering directory '/home/yincong/github_proj/rdma_learning/rlibv2/rbuild/CMakeFiles/CMakeTmp'
Building CXX object CMakeFiles/cmTC_17fe4.dir/CheckIncludeFile.cxx.o
/usr/bin/g++    -g    -o CMakeFiles/cmTC_17fe4.dir/CheckIncludeFile.cxx.o -c /home/yincong/github_proj/rdma_learning/rlibv2/rbuild/CMakeFiles/CMakeTmp/CheckIncludeFile.cxx
Linking CXX executable cmTC_17fe4
/usr/bin/cmake -E cmake_link_script CMakeFiles/cmTC_17fe4.dir/link.txt --verbose=1
/usr/bin/g++    -g     CMakeFiles/cmTC_17fe4.dir/CheckIncludeFile.cxx.o  -o cmTC_17fe4 -rdynamic 
make[1]: Leaving directory '/home/yincong/github_proj/rdma_learning/rlibv2/rbuild/CMakeFiles/CMakeTmp'


Determining if the include file stdint.h exists passed with the following output:
Change Dir: /home/yincong/github_proj/rdma_learning/rlibv2/rbuild/CMakeFiles/CMakeTmp

Run Build Command:"/usr/bin/make" "cmTC_d08ce/fast"
/usr/bin/make -f CMakeFiles/cmTC_d08ce.dir/build.make CMakeFiles/cmTC_d08ce.dir/build
make[1]: Entering directory '/home/yincong/github_proj/rdma_learning/rlibv2/rbuild/CMakeFiles/CMakeTmp'
Building CXX object CMakeFiles/cmTC_d08ce.dir/CheckIncludeFile.cxx.o
/usr/bin/g++    -g    -o CMakeFiles/cmTC_d08ce.dir/CheckIncludeFile.cxx.o -c /home/yincong/github_proj/rdma_learning/rlibv2/rbuild/CMakeFiles/CMakeTmp/CheckIncludeFile.cxx
Linking CXX executable cmTC_d08ce
/usr/bin/cmake -E cmake_link_script CMakeFiles/cmTC_d08ce.dir/link.txt --verbose=1
/usr/bin/g++    -g     CMakeFiles/cmTC_d08ce.dir/CheckIncludeFile.cxx.o  -o cmTC_d08ce -rdynamic 
make[1]: Leaving directory '/home/yincong/github_proj/rdma_learning/rlibv2/rbuild/CMakeFiles/CMakeTmp'


Determining if the include file inttypes.h exists passed with the following output:
Change Dir: /home/yincong/github_proj/rdma_learning/rlibv2/rbuild/CMakeFiles/CMakeTmp

Run Build Command:"/usr/bin/make" "cmTC_1b824/fast"
/usr/bin/make -f CMakeFiles/cmTC_1b824.dir/build.make CMakeFiles/cmTC_1b824.dir/build
make[1]: Entering directory '/home/yincong/github_proj/rdma_learning/rlibv2/rbuild/CMakeFiles/CMakeTmp'
Building CXX object CMakeFiles/cmTC_1b824.dir/CheckIncludeFile.cxx.o
/usr/bin/g++    -g    -o CMakeFiles/cmTC_1b824.dir/CheckIncludeFile.cxx.o -c /home/yincong/github_proj/rdma_learning/rlibv2/rbuild/CMakeFiles/CMakeTmp/CheckIncludeFile.cxx
Linking CXX executable cmTC_1b824
/usr/bin/cmake -E cmake_link_script CMakeFiles/cmTC_1b824.dir/link.txt --verbose=1
/usr/bin/g++    -g     CMakeFiles/cmTC_1b824.dir/CheckIncludeFile.cxx.o  -o cmTC_1b824 -rdynamic 
make[1]: Leaving directory '/home/yincong/github_proj/rdma_learning/rlibv2/rbuild/CMakeFiles/CMakeTmp'


Determining if the include file sys/types.h exists passed with the following output:
Change Dir: /home/yincong/github_proj/rdma_learning/rlibv2/rbuild/CMakeFiles/CMakeTmp

Run Build Command:"/usr/bin/make" "cmTC_82b8a/fast"
/usr/bin/make -f CMakeFiles/cmTC_82b8a.dir/build.make CMakeFiles/cmTC_82b8a.dir/build
make[1]: Entering directory '/home/yincong/github_proj/rdma_learning/rlibv2/rbuild/CMakeFiles/CMakeTmp'
Building CXX object CMakeFiles/cmTC_82b8a.dir/CheckIncludeFile.cxx.o
/usr/bin/g++    -g    -o CMakeFiles/cmTC_82b8a.dir/CheckIncludeFile.cxx.o -c /home/yincong/github_proj/rdma_learning/rlibv2/rbuild/CMakeFiles/CMakeTmp/CheckIncludeFile.cxx
Linking CXX executable cmTC_82b8a
/usr/bin/cmake -E cmake_link_script CMakeFiles/cmTC_82b8a.dir/link.txt --verbose=1
/usr/bin/g++    -g     CMakeFiles/cmTC_82b8a.dir/CheckIncludeFile.cxx.o  -o cmTC_82b8a -rdynamic 
make[1]: Leaving directory '/home/yincong/github_proj/rdma_learning/rlibv2/rbuild/CMakeFiles/CMakeTmp'


Determining if the include file sys/stat.h exists passed with the following output:
Change Dir: /home/yincong/github_proj/rdma_learning/rlibv2/rbuild/CMakeFiles/CMakeTmp

Run Build Command:"/usr/bin/make" "cmTC_3f5f4/fast"
/usr/bin/make -f CMakeFiles/cmTC_3f5f4.dir/build.make CMakeFiles/cmTC_3f5f4.dir/build
make[1]: Entering directory '/home/yincong/github_proj/rdma_learning/rlibv2/rbuild/CMakeFiles/CMakeTmp'
Building CXX object CMakeFiles/cmTC_3f5f4.dir/CheckIncludeFile.cxx.o
/usr/bin/g++    -g    -o CMakeFiles/cmTC_3f5f4.dir/CheckIncludeFile.cxx.o -c /home/yincong/github_proj/rdma_learning/rlibv2/rbuild/CMakeFiles/CMakeTmp/CheckIncludeFile.cxx
Linking CXX executable cmTC_3f5f4
/usr/bin/cmake -E cmake_link_script CMakeFiles/cmTC_3f5f4.dir/link.txt --verbose=1
/usr/bin/g++    -g     CMakeFiles/cmTC_3f5f4.dir/CheckIncludeFile.cxx.o  -o cmTC_3f5f4 -rdynamic 
make[1]: Leaving directory '/home/yincong/github_proj/rdma_learning/rlibv2/rbuild/CMakeFiles/CMakeTmp'


Determining if the include file fnmatch.h exists passed with the following output:
Change Dir: /home/yincong/github_proj/rdma_learning/rlibv2/rbuild/CMakeFiles/CMakeTmp

Run Build Command:"/usr/bin/make" "cmTC_a89d9/fast"
/usr/bin/make -f CMakeFiles/cmTC_a89d9.dir/build.make CMakeFiles/cmTC_a89d9.dir/build
make[1]: Entering directory '/home/yincong/github_proj/rdma_learning/rlibv2/rbuild/CMakeFiles/CMakeTmp'
Building CXX object CMakeFiles/cmTC_a89d9.dir/CheckIncludeFile.cxx.o
/usr/bin/g++    -g    -o CMakeFiles/cmTC_a89d9.dir/CheckIncludeFile.cxx.o -c /home/yincong/github_proj/rdma_learning/rlibv2/rbuild/CMakeFiles/CMakeTmp/CheckIncludeFile.cxx
Linking CXX executable cmTC_a89d9
/usr/bin/cmake -E cmake_link_script CMakeFiles/cmTC_a89d9.dir/link.txt --verbose=1
/usr/bin/g++    -g     CMakeFiles/cmTC_a89d9.dir/CheckIncludeFile.cxx.o  -o cmTC_a89d9 -rdynamic 
make[1]: Leaving directory '/home/yincong/github_proj/rdma_learning/rlibv2/rbuild/CMakeFiles/CMakeTmp'


Determining if the include file stddef.h exists passed with the following output:
Change Dir: /home/yincong/github_proj/rdma_learning/rlibv2/rbuild/CMakeFiles/CMakeTmp

Run Build Command:"/usr/bin/make" "cmTC_62114/fast"
/usr/bin/make -f CMakeFiles/cmTC_62114.dir/build.make CMakeFiles/cmTC_62114.dir/build
make[1]: Entering directory '/home/yincong/github_proj/rdma_learning/rlibv2/rbuild/CMakeFiles/CMakeTmp'
Building CXX object CMakeFiles/cmTC_62114.dir/CheckIncludeFile.cxx.o
/usr/bin/g++    -g    -o CMakeFiles/cmTC_62114.dir/CheckIncludeFile.cxx.o -c /home/yincong/github_proj/rdma_learning/rlibv2/rbuild/CMakeFiles/CMakeTmp/CheckIncludeFile.cxx
Linking CXX executable cmTC_62114
/usr/bin/cmake -E cmake_link_script CMakeFiles/cmTC_62114.dir/link.txt --verbose=1
/usr/bin/g++    -g     CMakeFiles/cmTC_62114.dir/CheckIncludeFile.cxx.o  -o cmTC_62114 -rdynamic 
make[1]: Leaving directory '/home/yincong/github_proj/rdma_learning/rlibv2/rbuild/CMakeFiles/CMakeTmp'


Determining size of uint32_t passed with the following output:
Change Dir: /home/yincong/github_proj/rdma_learning/rlibv2/rbuild/CMakeFiles/CMakeTmp

Run Build Command:"/usr/bin/make" "cmTC_e2c8b/fast"
/usr/bin/make -f CMakeFiles/cmTC_e2c8b.dir/build.make CMakeFiles/cmTC_e2c8b.dir/build
make[1]: Entering directory '/home/yincong/github_proj/rdma_learning/rlibv2/rbuild/CMakeFiles/CMakeTmp'
Building CXX object CMakeFiles/cmTC_e2c8b.dir/uint32_t.cpp.o
/usr/bin/g++    -g    -o CMakeFiles/cmTC_e2c8b.dir/uint32_t.cpp.o -c /home/yincong/github_proj/rdma_learning/rlibv2/rbuild/CMakeFiles/CheckTypeSize/uint32_t.cpp
Linking CXX executable cmTC_e2c8b
/usr/bin/cmake -E cmake_link_script CMakeFiles/cmTC_e2c8b.dir/link.txt --verbose=1
/usr/bin/g++    -g     CMakeFiles/cmTC_e2c8b.dir/uint32_t.cpp.o  -o cmTC_e2c8b -rdynamic 
make[1]: Leaving directory '/home/yincong/github_proj/rdma_learning/rlibv2/rbuild/CMakeFiles/CMakeTmp'


Determining if the strtoll exist passed with the following output:
Change Dir: /home/yincong/github_proj/rdma_learning/rlibv2/rbuild/CMakeFiles/CMakeTmp

Run Build Command:"/usr/bin/make" "cmTC_3e2e3/fast"
/usr/bin/make -f CMakeFiles/cmTC_3e2e3.dir/build.make CMakeFiles/cmTC_3e2e3.dir/build
make[1]: Entering directory '/home/yincong/github_proj/rdma_learning/rlibv2/rbuild/CMakeFiles/CMakeTmp'
Building CXX object CMakeFiles/cmTC_3e2e3.dir/CheckSymbolExists.cxx.o
/usr/bin/g++    -g    -o CMakeFiles/cmTC_3e2e3.dir/CheckSymbolExists.cxx.o -c /home/yincong/github_proj/rdma_learning/rlibv2/rbuild/CMakeFiles/CMakeTmp/CheckSymbolExists.cxx
Linking CXX executable cmTC_3e2e3
/usr/bin/cmake -E cmake_link_script CMakeFiles/cmTC_3e2e3.dir/link.txt --verbose=1
/usr/bin/g++    -g     CMakeFiles/cmTC_3e2e3.dir/CheckSymbolExists.cxx.o  -o cmTC_3e2e3 -rdynamic 
make[1]: Leaving directory '/home/yincong/github_proj/rdma_learning/rlibv2/rbuild/CMakeFiles/CMakeTmp'

File /home/yincong/github_proj/rdma_learning/rlibv2/rbuild/CMakeFiles/CMakeTmp/CheckSymbolExists.cxx:
/* */
#include <stdlib.h>

int main(int argc, char** argv)
{
  (void)argv;
#ifndef strtoll
  return ((int*)(&strtoll))[argc];
#else
  (void)argc;
  return 0;
#endif
}

